Determining if the pthread_create exist failed with the following output:
Change Dir: /home/xian-jie/github/LiDar/build/CMakeFiles/CMakeTmp

Run Build Command:"/usr/bin/make" "cmTC_cf826/fast"
/usr/bin/make -f CMakeFiles/cmTC_cf826.dir/build.make CMakeFiles/cmTC_cf826.dir/build
make[1]: Entering directory '/home/xian-jie/github/LiDar/build/CMakeFiles/CMakeTmp'
Building C object CMakeFiles/cmTC_cf826.dir/CheckSymbolExists.c.o
/usr/bin/gcc-5     -o CMakeFiles/cmTC_cf826.dir/CheckSymbolExists.c.o   -c /home/xian-jie/github/LiDar/build/CMakeFiles/CMakeTmp/CheckSymbolExists.c
Linking C executable cmTC_cf826
/usr/bin/cmake -E cmake_link_script CMakeFiles/cmTC_cf826.dir/link.txt --verbose=1
/usr/bin/gcc-5       CMakeFiles/cmTC_cf826.dir/CheckSymbolExists.c.o  -o cmTC_cf826 -rdynamic 
CMakeFiles/cmTC_cf826.dir/CheckSymbolExists.c.o: In function `main':
CheckSymbolExists.c:(.text+0x16): undefined reference to `pthread_create'
collect2: error: ld returned 1 exit status
CMakeFiles/cmTC_cf826.dir/build.make:97: recipe for target 'cmTC_cf826' failed
make[1]: *** [cmTC_cf826] Error 1
make[1]: Leaving directory '/home/xian-jie/github/LiDar/build/CMakeFiles/CMakeTmp'
Makefile:126: recipe for target 'cmTC_cf826/fast' failed
make: *** [cmTC_cf826/fast] Error 2

File /home/xian-jie/github/LiDar/build/CMakeFiles/CMakeTmp/CheckSymbolExists.c:
/* */
#include <pthread.h>

int main(int argc, char** argv)
{
  (void)argv;
#ifndef pthread_create
  return ((int*)(&pthread_create))[argc];
#else
  (void)argc;
  return 0;
#endif
}

Determining if the function pthread_create exists in the pthreads failed with the following output:
Change Dir: /home/xian-jie/github/LiDar/build/CMakeFiles/CMakeTmp

Run Build Command:"/usr/bin/make" "cmTC_489d2/fast"
/usr/bin/make -f CMakeFiles/cmTC_489d2.dir/build.make CMakeFiles/cmTC_489d2.dir/build
make[1]: Entering directory '/home/xian-jie/github/LiDar/build/CMakeFiles/CMakeTmp'
Building C object CMakeFiles/cmTC_489d2.dir/CheckFunctionExists.c.o
/usr/bin/gcc-5    -DCHECK_FUNCTION_EXISTS=pthread_create   -o CMakeFiles/cmTC_489d2.dir/CheckFunctionExists.c.o   -c /usr/share/cmake-3.5/Modules/CheckFunctionExists.c
Linking C executable cmTC_489d2
/usr/bin/cmake -E cmake_link_script CMakeFiles/cmTC_489d2.dir/link.txt --verbose=1
/usr/bin/gcc-5   -DCHECK_FUNCTION_EXISTS=pthread_create    CMakeFiles/cmTC_489d2.dir/CheckFunctionExists.c.o  -o cmTC_489d2 -rdynamic -lpthreads 
/usr/bin/ld: cannot find -lpthreads
collect2: error: ld returned 1 exit status
CMakeFiles/cmTC_489d2.dir/build.make:97: recipe for target 'cmTC_489d2' failed
make[1]: *** [cmTC_489d2] Error 1
make[1]: Leaving directory '/home/xian-jie/github/LiDar/build/CMakeFiles/CMakeTmp'
Makefile:126: recipe for target 'cmTC_489d2/fast' failed
make: *** [cmTC_489d2/fast] Error 2


